23 Mar 2025 18:00:13.081 INFO  - 
Welcome to arara 7.1.2!
-----------------------------------------------------------------
23 Mar 2025 18:00:13.087 DEBUG - 
::: arara @ /usr/local/texlive/2023/texmf-dist/scripts/arara
::: Java 24.0.1, Arch Linux
::: /usr/lib/jvm/java-24-openjdk
::: Linux, amd64, 6.13.7-arch1-1
::: user.home @ /home/erick
::: CF @ [none]
-----------------------------------------------------------------
23 Mar 2025 18:00:13.097 INFO  - Processing "main.tex" (size: 7.1 kB, last modified: 2025-03-23 23:56:23), please wait.
23 Mar 2025 18:00:13.116 INFO  - I found a potential pattern in line 1: pdflatex: { shell: yes }
23 Mar 2025 18:00:13.416 INFO  - All directives were validated. We are good to go.
-------------------------- DIRECTIVES ---------------------------
Directive(identifier='pdflatex', parameters={shell=yes, reference=/home/erick/noLimits/tex/zechi/stemmer/main.tex},conditional={ NONE }, lineNumbers=[1])
-----------------------------------------------------------------
23 Mar 2025 18:00:13.418 INFO  - I am ready to interpret rule "pdflatex".
23 Mar 2025 18:00:13.421 INFO  - Rule location: "/usr/local/texlive/2023/texmf-dist/scripts/arara/rules"
23 Mar 2025 18:00:13.586 INFO  - I am ready to interpret task "PDFLaTeX engine" from rule "PDFLaTeX".
23 Mar 2025 18:00:13.587 INFO  - System command: [pdflatex, --shell-escape, main.tex] @ /home/erick/noLimits/tex/zechi/stemmer
23 Mar 2025 18:00:14.568 INFO  -                 ---------------------- BEGIN OUTPUT BUFFER ----------------------
                This is pdfTeX, Version 3.141592653-2.6-1.40.25 (TeX Live 2023) (preloaded format=pdflatex)
 \write18 enabled.
entering extended mode
(./main.tex
LaTeX2e <2023-11-01>
L3 programming layer <2023-11-09>
(/usr/local/texlive/2023/texmf-dist/tex/latex/base/article.cls
Document Class: article 2023/05/17 v1.4n Standard LaTeX document class
(/usr/local/texlive/2023/texmf-dist/tex/latex/base/size10.clo))
(/usr/local/texlive/2023/texmf-dist/tex/latex/base/inputenc.sty)
(/usr/local/texlive/2023/texmf-dist/tex/generic/babel/babel.sty
(/usr/local/texlive/2023/texmf-dist/tex/generic/babel/txtbabel.def)
(/usr/local/texlive/2023/texmf-dist/tex/generic/babel-english/english.ldf))
(/usr/local/texlive/2023/texmf-dist/tex/generic/babel/locale/en/babel-english.t
ex) (/usr/local/texlive/2023/texmf-dist/tex/latex/amsmath/amsmath.sty
For additional information on amsmath, use the `?' option.
(/usr/local/texlive/2023/texmf-dist/tex/latex/amsmath/amstext.sty
(/usr/local/texlive/2023/texmf-dist/tex/latex/amsmath/amsgen.sty))
(/usr/local/texlive/2023/texmf-dist/tex/latex/amsmath/amsbsy.sty)
(/usr/local/texlive/2023/texmf-dist/tex/latex/amsmath/amsopn.sty))
(/usr/local/texlive/2023/texmf-dist/tex/latex/amsfonts/amssymb.sty
(/usr/local/texlive/2023/texmf-dist/tex/latex/amsfonts/amsfonts.sty))
(/usr/local/texlive/2023/texmf-dist/tex/latex/amscls/amsthm.sty)
(/usr/local/texlive/2023/texmf-dist/tex/latex/hyperref/hyperref.sty
(/usr/local/texlive/2023/texmf-dist/tex/generic/ltxcmds/ltxcmds.sty)
(/usr/local/texlive/2023/texmf-dist/tex/generic/iftex/iftex.sty)
(/usr/local/texlive/2023/texmf-dist/tex/generic/pdftexcmds/pdftexcmds.sty
(/usr/local/texlive/2023/texmf-dist/tex/generic/infwarerr/infwarerr.sty))
(/usr/local/texlive/2023/texmf-dist/tex/latex/graphics/keyval.sty)
(/usr/local/texlive/2023/texmf-dist/tex/latex/kvsetkeys/kvsetkeys.sty)
(/usr/local/texlive/2023/texmf-dist/tex/generic/kvdefinekeys/kvdefinekeys.sty)
(/usr/local/texlive/2023/texmf-dist/tex/generic/pdfescape/pdfescape.sty)
(/usr/local/texlive/2023/texmf-dist/tex/latex/hycolor/hycolor.sty)
(/usr/local/texlive/2023/texmf-dist/tex/latex/letltxmacro/letltxmacro.sty)
(/usr/local/texlive/2023/texmf-dist/tex/latex/auxhook/auxhook.sty)
(/usr/local/texlive/2023/texmf-dist/tex/latex/hyperref/nameref.sty
(/usr/local/texlive/2023/texmf-dist/tex/latex/refcount/refcount.sty)
(/usr/local/texlive/2023/texmf-dist/tex/generic/gettitlestring/gettitlestring.s
ty (/usr/local/texlive/2023/texmf-dist/tex/latex/kvoptions/kvoptions.sty)))
(/usr/local/texlive/2023/texmf-dist/tex/latex/etoolbox/etoolbox.sty)
(/usr/local/texlive/2023/texmf-dist/tex/latex/hyperref/pd1enc.def)
(/usr/local/texlive/2023/texmf-dist/tex/generic/intcalc/intcalc.sty)
(/usr/local/texlive/2023/texmf-dist/tex/latex/hyperref/puenc.def)
(/usr/local/texlive/2023/texmf-dist/tex/latex/url/url.sty)
(/usr/local/texlive/2023/texmf-dist/tex/generic/bitset/bitset.sty
(/usr/local/texlive/2023/texmf-dist/tex/generic/bigintcalc/bigintcalc.sty))
(/usr/local/texlive/2023/texmf-dist/tex/latex/base/atbegshi-ltx.sty))
(/usr/local/texlive/2023/texmf-dist/tex/latex/hyperref/hpdftex.def
(/usr/local/texlive/2023/texmf-dist/tex/latex/base/atveryend-ltx.sty)
(/usr/local/texlive/2023/texmf-dist/tex/latex/rerunfilecheck/rerunfilecheck.sty

(/usr/local/texlive/2023/texmf-dist/tex/generic/uniquecounter/uniquecounter.sty
))) (/usr/local/texlive/2023/texmf-dist/tex/latex/ragged2e/ragged2e.sty)
(/usr/local/texlive/2023/texmf-dist/tex/latex/graphics/graphicx.sty
(/usr/local/texlive/2023/texmf-dist/tex/latex/graphics/graphics.sty
(/usr/local/texlive/2023/texmf-dist/tex/latex/graphics/trig.sty)
(/usr/local/texlive/2023/texmf-dist/tex/latex/graphics-cfg/graphics.cfg)
(/usr/local/texlive/2023/texmf-dist/tex/latex/graphics-def/pdftex.def)))
(/usr/local/texlive/2023/texmf-dist/tex/latex/float/float.sty)
(/usr/local/texlive/2023/texmf-dist/tex/latex/fancyhdr/fancyhdr.sty)
(/usr/local/texlive/2023/texmf-dist/tex/latex/geometry/geometry.sty
(/usr/local/texlive/2023/texmf-dist/tex/generic/iftex/ifvtex.sty))
(/usr/local/texlive/2023/texmf-dist/tex/latex/tools/multicol.sty)
(/usr/local/texlive/2023/texmf-dist/tex/latex/listings/listings.sty
(/usr/local/texlive/2023/texmf-dist/tex/latex/listings/lstmisc.sty)
(/usr/local/texlive/2023/texmf-dist/tex/latex/listings/listings.cfg))
(/usr/local/texlive/2023/texmf-dist/tex/latex/xcolor/xcolor.sty
(/usr/local/texlive/2023/texmf-dist/tex/latex/graphics-cfg/color.cfg)
(/usr/local/texlive/2023/texmf-dist/tex/latex/graphics/mathcolor.ltx))
(/usr/local/texlive/2023/texmf-dist/tex/latex/l3backend/l3backend-pdftex.def)
(./main.aux) (./main.out) (./main.out)
(/usr/local/texlive/2023/texmf-dist/tex/context/base/mkii/supp-pdf.mkii
[Loading MPS to PDF converter (version 2006.09.02).]
) (/usr/local/texlive/2023/texmf-dist/tex/latex/epstopdf-pkg/epstopdf-base.sty
(/usr/local/texlive/2023/texmf-dist/tex/latex/latexconfig/epstopdf-sys.cfg))
*geometry* driver: auto-detecting
*geometry* detected driver: pdftex
(/usr/local/texlive/2023/texmf-dist/tex/latex/amsfonts/umsa.fd)
(/usr/local/texlive/2023/texmf-dist/tex/latex/amsfonts/umsb.fd) [1{/usr/local/t
exlive/2023/texmf-var/fonts/map/pdftex/updmap/pdftex.map}{/usr/local/texlive/20
23/texmf-dist/fonts/enc/dvips/cm-super/cm-super-ts1.enc}]
Underfull \vbox (badness 10000) has occurred while \output is active [2
pdfTeX warning (ext4): destination with the same identifier (name{figure.1}) ha
s been already used, duplicate ignored
<argument> ...shipout:D \box_use:N \l_shipout_box 
                                                  \__shipout_drop_firstpage_...
l.100 
       <./imgs/proveSnow.png (PNG copy)>]
Underfull \vbox (badness 10000) has occurred while \output is active [3
pdfTeX warning (ext4): destination with the same identifier (name{figure.2}) ha
s been already used, duplicate ignored
<argument> ...shipout:D \box_use:N \l_shipout_box 
                                                  \__shipout_drop_firstpage_...
l.109 
       <./imgs/use1.png (PNG copy)>] [4
pdfTeX warning (ext4): destination with the same identifier (name{figure.3}) ha
s been already used, duplicate ignored
<argument> ...shipout:D \box_use:N \l_shipout_box 
                                                  \__shipout_drop_firstpage_...
l.129 \end{document}
                     <./imgs/stopWords.png (PNG copy)>] (./main.aux) )
(see the transcript file for additional information)</usr/local/texlive/2023/te
xmf-dist/fonts/type1/public/amsfonts/cm/cmbx10.pfb></usr/local/texlive/2023/tex
mf-dist/fonts/type1/public/amsfonts/cm/cmbx12.pfb></usr/local/texlive/2023/texm
f-dist/fonts/type1/public/amsfonts/cm/cmbx9.pfb></usr/local/texlive/2023/texmf-
dist/fonts/type1/public/amsfonts/cm/cmbxti10.pfb></usr/local/texlive/2023/texmf
-dist/fonts/type1/public/amsfonts/cm/cmr10.pfb></usr/local/texlive/2023/texmf-d
ist/fonts/type1/public/amsfonts/cm/cmr12.pfb></usr/local/texlive/2023/texmf-dis
t/fonts/type1/public/amsfonts/cm/cmr17.pfb></usr/local/texlive/2023/texmf-dist/
fonts/type1/public/amsfonts/cm/cmr9.pfb></usr/local/texlive/2023/texmf-dist/fon
ts/type1/public/amsfonts/cm/cmsl10.pfb></usr/local/texlive/2023/texmf-dist/font
s/type1/public/amsfonts/cm/cmti10.pfb></usr/local/texlive/2023/texmf-dist/fonts
/type1/public/amsfonts/cm/cmtt10.pfb></usr/local/texlive/2023/texmf-dist/fonts/
type1/public/cm-super/sfrm1000.pfb>
Output written on main.pdf (4 pages, 475380 bytes).
Transcript written on main.log.

                ----------------------- END OUTPUT BUFFER -----------------------
23 Mar 2025 18:00:14.572 INFO  - Task result: SUCCESS
23 Mar 2025 18:00:14.575 INFO  - Total: 1.762 seconds
