\BOOKMARK [1][-]{section.1}{\376\377\000O\000b\000j\000e\000c\000t\000i\000v\000e}{}% 1
\BOOKMARK [1][-]{section.2}{\376\377\000T\000h\000e\000o\000r\000e\000t\000i\000c\000a\000l\000\040\000F\000r\000a\000m\000e\000w\000o\000r\000k}{}% 2
\BOOKMARK [1][-]{section.3}{\376\377\000I\000m\000p\000l\000e\000m\000e\000n\000t\000a\000t\000i\000o\000n\000s\000\040\000\050\000S\000o\000l\000u\000t\000i\000o\000n\000s\000\051}{}% 3
\BOOKMARK [2][-]{subsection.3.1}{\376\377\000W\000e\000b\000\040\000S\000c\000r\000a\000p\000p\000e\000r}{section.3}% 4
\BOOKMARK [2][-]{subsection.3.2}{\376\377\000S\000t\000e\000m\000m\000e\000r}{section.3}% 5
\BOOKMARK [2][-]{subsection.3.3}{\376\377\000D\000a\000t\000a\000b\000a\000s\000e\000\040\000D\000e\000s\000i\000g\000n}{section.3}% 6
\BOOKMARK [2][-]{subsection.3.4}{\376\377\000D\000a\000t\000a\000b\000a\000s\000e\000\040\000i\000m\000p\000l\000e\000m\000e\000n\000t\000a\000t\000i\000o\000n\000\040\000a\000n\000d\000\040\000a\000n\000a\000l\000y\000s\000i\000s}{section.3}% 7
\BOOKMARK [3][-]{subsubsection.3.4.1}{\376\377\000C\000r\000e\000a\000t\000i\000n\000g\000\040\000o\000f\000\040\000t\000a\000b\000l\000e\000s}{subsection.3.4}% 8
\BOOKMARK [3][-]{subsubsection.3.4.2}{\376\377\000I\000n\000s\000e\000r\000t\000i\000n\000g\000\040\000d\000a\000t\000a}{subsection.3.4}% 9
\BOOKMARK [3][-]{subsubsection.3.4.3}{\376\377\000D\000i\000s\000t\000a\000n\000c\000e\000s\000\040\000c\000a\000l\000c\000u\000l\000a\000t\000i\000o\000n\000s}{subsection.3.4}% 10
\BOOKMARK [2][-]{subsection.3.5}{\376\377\000D\000a\000t\000a\000\040\000o\000p\000t\000i\000m\000i\000z\000a\000t\000i\000o\000n\000\040\000\050\000S\000V\000D\000,\000\040\000I\000n\000d\000e\000x\000i\000n\000g\000,\000\040\000S\000y\000n\000o\000n\000y\000m\000s\000\051}{section.3}% 11
\BOOKMARK [3][-]{subsubsection.3.5.1}{\376\377\000S\000i\000n\000g\000u\000l\000a\000r\000\040\000V\000a\000l\000u\000e\000\040\000D\000e\000c\000o\000m\000p\000o\000s\000i\000t\000i\000o\000n\000\040\000\050\000S\000V\000D\000\051\000\040\000I\000m\000p\000l\000e\000m\000e\000n\000t\000a\000t\000i\000o\000n}{subsection.3.5}% 12
\BOOKMARK [2][-]{subsection.3.6}{\376\377\000B\000a\000c\000k\000e\000n\000d\000\040\000E\000n\000d\000p\000o\000i\000n\000t\000\040\000f\000o\000r\000\040\000S\000e\000a\000r\000c\000h\000\040\000Q\000u\000e\000r\000i\000e\000s}{section.3}% 13
\BOOKMARK [2][-]{subsection.3.7}{\376\377\000R\000u\000s\000t\000\040\000"\000U\000n\000w\000a\000n\000t\000e\000d\000\040\000S\000e\000a\000r\000c\000h\000\040\000E\000n\000g\000i\000n\000e\000"}{section.3}% 14
\BOOKMARK [1][-]{section.4}{\376\377\000n\000o\000n\000\040\000t\000e\000c\000h\000n\000i\000c\000a\000l\000\040\000i\000s\000s\000u\000e\000s}{}% 15
\BOOKMARK [2][-]{subsection.4.1}{\376\377\000C\000u\000l\000t\000u\000r\000a\000l}{section.4}% 16
\BOOKMARK [2][-]{subsection.4.2}{\376\377\000S\000o\000c\000i\000a\000l}{section.4}% 17
\BOOKMARK [2][-]{subsection.4.3}{\376\377\000E\000n\000v\000i\000r\000o\000n\000m\000e\000n\000t\000a\000l}{section.4}% 18
\BOOKMARK [2][-]{subsection.4.4}{\376\377\000E\000c\000o\000n\000o\000m\000i\000c}{section.4}% 19
\BOOKMARK [1][-]{section.5}{\376\377\000C\000o\000n\000c\000l\000u\000s\000i\000o\000n\000s}{}% 20
