22 Apr 2025 14:24:50.612 INFO  - 
Welcome to arara 7.1.2!
-----------------------------------------------------------------
22 Apr 2025 14:24:50.616 DEBUG - 
::: arara @ /usr/local/texlive/2023/texmf-dist/scripts/arara
::: Java 24.0.1, Arch Linux
::: /usr/lib/jvm/java-24-openjdk
::: Linux, amd64, 6.14.3-arch1-1
::: user.home @ /home/erick
::: CF @ [none]
-----------------------------------------------------------------
22 Apr 2025 14:24:50.622 INFO  - Processing "main.tex" (size: 17.7 kB, last modified: 2025-04-22 20:24:41), please wait.
22 Apr 2025 14:24:50.640 INFO  - I found a potential pattern in line 1: pdflatex: { shell: yes }
22 Apr 2025 14:24:50.884 INFO  - All directives were validated. We are good to go.
-------------------------- DIRECTIVES ---------------------------
Directive(identifier='pdflatex', parameters={shell=yes, reference=/home/erick/noLimits/tex/zechi/distribuiteddb/main.tex},conditional={ NONE }, lineNumbers=[1])
-----------------------------------------------------------------
22 Apr 2025 14:24:50.887 INFO  - I am ready to interpret rule "pdflatex".
22 Apr 2025 14:24:50.891 INFO  - Rule location: "/usr/local/texlive/2023/texmf-dist/scripts/arara/rules"
22 Apr 2025 14:24:51.104 INFO  - I am ready to interpret task "PDFLaTeX engine" from rule "PDFLaTeX".
22 Apr 2025 14:24:51.105 INFO  - System command: [pdflatex, --shell-escape, main.tex] @ /home/erick/noLimits/tex/zechi/distribuiteddb
22 Apr 2025 14:24:51.992 INFO  -                 ---------------------- BEGIN OUTPUT BUFFER ----------------------
                This is pdfTeX, Version 3.141592653-2.6-1.40.25 (TeX Live 2023) (preloaded format=pdflatex)
 \write18 enabled.
entering extended mode
(./main.tex
LaTeX2e <2023-11-01>
L3 programming layer <2023-11-09>
(/usr/local/texlive/2023/texmf-dist/tex/latex/base/article.cls
Document Class: article 2023/05/17 v1.4n Standard LaTeX document class
(/usr/local/texlive/2023/texmf-dist/tex/latex/base/size10.clo))
(/usr/local/texlive/2023/texmf-dist/tex/latex/base/inputenc.sty)
(/usr/local/texlive/2023/texmf-dist/tex/generic/babel/babel.sty
(/usr/local/texlive/2023/texmf-dist/tex/generic/babel/txtbabel.def)
(/usr/local/texlive/2023/texmf-dist/tex/generic/babel-english/english.ldf))
(/usr/local/texlive/2023/texmf-dist/tex/generic/babel/locale/en/babel-english.t
ex) (/usr/local/texlive/2023/texmf-dist/tex/latex/amsmath/amsmath.sty
For additional information on amsmath, use the `?' option.
(/usr/local/texlive/2023/texmf-dist/tex/latex/amsmath/amstext.sty
(/usr/local/texlive/2023/texmf-dist/tex/latex/amsmath/amsgen.sty))
(/usr/local/texlive/2023/texmf-dist/tex/latex/amsmath/amsbsy.sty)
(/usr/local/texlive/2023/texmf-dist/tex/latex/amsmath/amsopn.sty))
(/usr/local/texlive/2023/texmf-dist/tex/latex/amsfonts/amssymb.sty
(/usr/local/texlive/2023/texmf-dist/tex/latex/amsfonts/amsfonts.sty))
(/usr/local/texlive/2023/texmf-dist/tex/latex/amscls/amsthm.sty)
(/usr/local/texlive/2023/texmf-dist/tex/latex/hyperref/hyperref.sty
(/usr/local/texlive/2023/texmf-dist/tex/generic/ltxcmds/ltxcmds.sty)
(/usr/local/texlive/2023/texmf-dist/tex/generic/iftex/iftex.sty)
(/usr/local/texlive/2023/texmf-dist/tex/generic/pdftexcmds/pdftexcmds.sty
(/usr/local/texlive/2023/texmf-dist/tex/generic/infwarerr/infwarerr.sty))
(/usr/local/texlive/2023/texmf-dist/tex/latex/graphics/keyval.sty)
(/usr/local/texlive/2023/texmf-dist/tex/latex/kvsetkeys/kvsetkeys.sty)
(/usr/local/texlive/2023/texmf-dist/tex/generic/kvdefinekeys/kvdefinekeys.sty)
(/usr/local/texlive/2023/texmf-dist/tex/generic/pdfescape/pdfescape.sty)
(/usr/local/texlive/2023/texmf-dist/tex/latex/hycolor/hycolor.sty)
(/usr/local/texlive/2023/texmf-dist/tex/latex/letltxmacro/letltxmacro.sty)
(/usr/local/texlive/2023/texmf-dist/tex/latex/auxhook/auxhook.sty)
(/usr/local/texlive/2023/texmf-dist/tex/latex/hyperref/nameref.sty
(/usr/local/texlive/2023/texmf-dist/tex/latex/refcount/refcount.sty)
(/usr/local/texlive/2023/texmf-dist/tex/generic/gettitlestring/gettitlestring.s
ty (/usr/local/texlive/2023/texmf-dist/tex/latex/kvoptions/kvoptions.sty)))
(/usr/local/texlive/2023/texmf-dist/tex/latex/etoolbox/etoolbox.sty)
(/usr/local/texlive/2023/texmf-dist/tex/latex/hyperref/pd1enc.def)
(/usr/local/texlive/2023/texmf-dist/tex/generic/intcalc/intcalc.sty)
(/usr/local/texlive/2023/texmf-dist/tex/latex/hyperref/puenc.def)
(/usr/local/texlive/2023/texmf-dist/tex/latex/url/url.sty)
(/usr/local/texlive/2023/texmf-dist/tex/generic/bitset/bitset.sty
(/usr/local/texlive/2023/texmf-dist/tex/generic/bigintcalc/bigintcalc.sty))
(/usr/local/texlive/2023/texmf-dist/tex/latex/base/atbegshi-ltx.sty))
(/usr/local/texlive/2023/texmf-dist/tex/latex/hyperref/hpdftex.def
(/usr/local/texlive/2023/texmf-dist/tex/latex/base/atveryend-ltx.sty)
(/usr/local/texlive/2023/texmf-dist/tex/latex/rerunfilecheck/rerunfilecheck.sty

(/usr/local/texlive/2023/texmf-dist/tex/generic/uniquecounter/uniquecounter.sty
))) (/usr/local/texlive/2023/texmf-dist/tex/latex/ragged2e/ragged2e.sty)
(/usr/local/texlive/2023/texmf-dist/tex/latex/graphics/graphicx.sty
(/usr/local/texlive/2023/texmf-dist/tex/latex/graphics/graphics.sty
(/usr/local/texlive/2023/texmf-dist/tex/latex/graphics/trig.sty)
(/usr/local/texlive/2023/texmf-dist/tex/latex/graphics-cfg/graphics.cfg)
(/usr/local/texlive/2023/texmf-dist/tex/latex/graphics-def/pdftex.def)))
(/usr/local/texlive/2023/texmf-dist/tex/latex/float/float.sty)
(/usr/local/texlive/2023/texmf-dist/tex/latex/fancyhdr/fancyhdr.sty)
(/usr/local/texlive/2023/texmf-dist/tex/latex/geometry/geometry.sty
(/usr/local/texlive/2023/texmf-dist/tex/generic/iftex/ifvtex.sty))
(/usr/local/texlive/2023/texmf-dist/tex/latex/tools/multicol.sty)
(/usr/local/texlive/2023/texmf-dist/tex/latex/listings/listings.sty
(/usr/local/texlive/2023/texmf-dist/tex/latex/listings/lstmisc.sty)
(/usr/local/texlive/2023/texmf-dist/tex/latex/listings/listings.cfg))
(/usr/local/texlive/2023/texmf-dist/tex/latex/xcolor/xcolor.sty
(/usr/local/texlive/2023/texmf-dist/tex/latex/graphics-cfg/color.cfg)
(/usr/local/texlive/2023/texmf-dist/tex/latex/graphics/mathcolor.ltx))
(/usr/local/texlive/2023/texmf-dist/tex/latex/l3backend/l3backend-pdftex.def)
(./main.aux) (./main.out) (./main.out)
(/usr/local/texlive/2023/texmf-dist/tex/context/base/mkii/supp-pdf.mkii
[Loading MPS to PDF converter (version 2006.09.02).]
) (/usr/local/texlive/2023/texmf-dist/tex/latex/epstopdf-pkg/epstopdf-base.sty
(/usr/local/texlive/2023/texmf-dist/tex/latex/latexconfig/epstopdf-sys.cfg))
*geometry* driver: auto-detecting
*geometry* detected driver: pdftex
(/usr/local/texlive/2023/texmf-dist/tex/latex/amsfonts/umsa.fd)
(/usr/local/texlive/2023/texmf-dist/tex/latex/amsfonts/umsb.fd) [1{/usr/local/t
exlive/2023/texmf-var/fonts/map/pdftex/updmap/pdftex.map}{/usr/local/texlive/20
23/texmf-dist/fonts/enc/dvips/cm-super/cm-super-ts1.enc}] [2
pdfTeX warning (ext4): destination with the same identifier (name{figure.1}) ha
s been already used, duplicate ignored
<argument> ...shipout:D \box_use:N \l_shipout_box 
                                                  \__shipout_drop_firstpage_...
l.125 
       <./imgs/distribuitedspectrum.png (PNG copy)>]
(/usr/local/texlive/2023/texmf-dist/tex/latex/listings/lstlang1.sty) [3
pdfTeX warning (ext4): destination with the same identifier (name{figure.2}) ha
s been already used, duplicate ignored
<argument> ...shipout:D \box_use:N \l_shipout_box 
                                                  \__shipout_drop_firstpage_...
l.146   id 
           UUID PRIMARY KEY DEFAULT gen_random_uuid(), <./imgs/uml.jpeg>]
[4
pdfTeX warning (ext4): destination with the same identifier (name{figure.3}) ha
s been already used, duplicate ignored
<argument> ...shipout:D \box_use:N \l_shipout_box 
                                                  \__shipout_drop_firstpage_...
l.184 \end{enumerate}
                      <./imgs/cli.jpeg>]
Underfull \vbox (badness 10000) has occurred while \output is active [5
pdfTeX warning (ext4): destination with the same identifier (name{figure.4}) ha
s been already used, duplicate ignored
<argument> ...shipout:D \box_use:N \l_shipout_box 
                                                  \__shipout_drop_firstpage_...
l.208 
       <./imgs/jav1.png (PNG copy)>]
Underfull \vbox (badness 10000) has occurred while \output is active [6
pdfTeX warning (ext4): destination with the same identifier (name{figure.5}) ha
s been already used, duplicate ignored
<argument> ...shipout:D \box_use:N \l_shipout_box 
                                                  \__shipout_drop_firstpage_...
l.220 \subsection
                 {Prerequisites}
pdfTeX warning (ext4): destination with the same identifier (name{figure.6}) ha
s been already used, duplicate ignored
<argument> ...shipout:D \box_use:N \l_shipout_box 
                                                  \__shipout_drop_firstpage_...
l.220 \subsection
                 {Prerequisites} <./imgs/jav2.png (PNG copy)> <./imgs/jav3.png 
(PNG copy)>]
(/usr/local/texlive/2023/texmf-dist/tex/latex/listings/lstlang1.sty)
(/usr/local/texlive/2023/texmf-dist/tex/latex/listings/lstlang1.sty)
Overfull \hbox (304.25285pt too wide) in paragraph at lines 248--249
[][][][][][][][][][][][][][][][][][][][][][][][][][][][][][][][][][][][][][][][
][][] 
(/usr/local/texlive/2023/texmf-dist/tex/latex/base/omscmr.fd)
Overfull \hbox (268.25249pt too wide) in paragraph at lines 257--258
[][][][][][][][][][][][][][][][][][][][][][][][][][][][][][][][][][][][][][][][
][] 
(/usr/local/texlive/2023/texmf-dist/tex/latex/base/omlcmr.fd)
Overfull \hbox (502.25487pt too wide) in paragraph at lines 266--267
[][][][][][][][][][][][][][][][][][][][][][][][][][][][][][][][][][][][][][][][
][][][] 

Overfull \hbox (472.25456pt too wide) in paragraph at lines 271--272
[][][][][][][][][][][][][][][][][][][][][][][][][][][][][][][][][][][][][][][][
][] 

Overfull \hbox (490.25475pt too wide) in paragraph at lines 276--277
[][][][][][][][][][][][][][][][][][][][][][][][][][][][][][][][][][][][][][][][
][][][] 
[7] [8] [9]
Underfull \hbox (badness 2277) in paragraph at lines 386--387
[]\OT1/cmr/m/n/10 GeeksforGeeks. (2018, June 11). Dis-tributed Database Sys-tem
. Re-trieved from []$\OT1/cmtt/m/n/10 https : / / www .
[10] (./main.aux) )
(see the transcript file for additional information)</usr/local/texlive/2023/te
xmf-dist/fonts/type1/public/amsfonts/cm/cmbx10.pfb></usr/local/texlive/2023/tex
mf-dist/fonts/type1/public/amsfonts/cm/cmbx12.pfb></usr/local/texlive/2023/texm
f-dist/fonts/type1/public/amsfonts/cm/cmbx9.pfb></usr/local/texlive/2023/texmf-
dist/fonts/type1/public/amsfonts/cm/cmbxti10.pfb></usr/local/texlive/2023/texmf
-dist/fonts/type1/public/amsfonts/cm/cmmi10.pfb></usr/local/texlive/2023/texmf-
dist/fonts/type1/public/amsfonts/cm/cmr10.pfb></usr/local/texlive/2023/texmf-di
st/fonts/type1/public/amsfonts/cm/cmr12.pfb></usr/local/texlive/2023/texmf-dist
/fonts/type1/public/amsfonts/cm/cmr17.pfb></usr/local/texlive/2023/texmf-dist/f
onts/type1/public/amsfonts/cm/cmr9.pfb></usr/local/texlive/2023/texmf-dist/font
s/type1/public/amsfonts/cm/cmsl10.pfb></usr/local/texlive/2023/texmf-dist/fonts
/type1/public/amsfonts/cm/cmsy10.pfb></usr/local/texlive/2023/texmf-dist/fonts/
type1/public/amsfonts/cm/cmti10.pfb></usr/local/texlive/2023/texmf-dist/fonts/t
ype1/public/amsfonts/cm/cmtt10.pfb></usr/local/texlive/2023/texmf-dist/fonts/ty
pe1/public/cm-super/sfrm1000.pfb>
Output written on main.pdf (10 pages, 860769 bytes).
Transcript written on main.log.

                ----------------------- END OUTPUT BUFFER -----------------------
22 Apr 2025 14:24:51.994 INFO  - Task result: SUCCESS
22 Apr 2025 14:24:51.996 INFO  - Total: 1.571 seconds
