15 Mar 2025 13:01:24.222 INFO  - 
Welcome to arara 7.1.2!
-----------------------------------------------------------------
15 Mar 2025 13:01:24.225 DEBUG - 
::: arara @ /usr/local/texlive/2023/texmf-dist/scripts/arara
::: Java 23.0.2, Arch Linux
::: /usr/lib/jvm/java-23-openjdk
::: Linux, amd64, 6.13.6-arch1-1
::: user.home @ /home/erick
::: CF @ [none]
-----------------------------------------------------------------
15 Mar 2025 13:01:24.234 INFO  - Processing "main.tex" (size: 8.8 kB, last modified: 2025-03-15 19:01:18), please wait.
15 Mar 2025 13:01:24.250 INFO  - I found a potential pattern in line 1: pdflatex: { shell: yes }
15 Mar 2025 13:01:24.511 INFO  - All directives were validated. We are good to go.
-------------------------- DIRECTIVES ---------------------------
Directive(identifier='pdflatex', parameters={shell=yes, reference=/home/erick/noLimits/tex/zechi/xml/main.tex},conditional={ NONE }, lineNumbers=[1])
-----------------------------------------------------------------
15 Mar 2025 13:01:24.512 INFO  - I am ready to interpret rule "pdflatex".
15 Mar 2025 13:01:24.525 INFO  - Rule location: "/usr/local/texlive/2023/texmf-dist/scripts/arara/rules"
15 Mar 2025 13:01:24.695 INFO  - I am ready to interpret task "PDFLaTeX engine" from rule "PDFLaTeX".
15 Mar 2025 13:01:24.696 INFO  - System command: [pdflatex, --shell-escape, main.tex] @ /home/erick/noLimits/tex/zechi/xml
15 Mar 2025 13:01:29.384 INFO  -                 ---------------------- BEGIN OUTPUT BUFFER ----------------------
                This is pdfTeX, Version 3.141592653-2.6-1.40.25 (TeX Live 2023) (preloaded format=pdflatex)
 \write18 enabled.
entering extended mode
(./main.tex
LaTeX2e <2023-11-01>
L3 programming layer <2023-11-09>
(/usr/local/texlive/2023/texmf-dist/tex/latex/base/article.cls
Document Class: article 2023/05/17 v1.4n Standard LaTeX document class
(/usr/local/texlive/2023/texmf-dist/tex/latex/base/size10.clo))
(/usr/local/texlive/2023/texmf-dist/tex/latex/base/inputenc.sty)
(/usr/local/texlive/2023/texmf-dist/tex/generic/babel/babel.sty
(/usr/local/texlive/2023/texmf-dist/tex/generic/babel/txtbabel.def)
(/usr/local/texlive/2023/texmf-dist/tex/generic/babel-english/english.ldf))
(/usr/local/texlive/2023/texmf-dist/tex/generic/babel/locale/en/babel-english.t
ex) (/usr/local/texlive/2023/texmf-dist/tex/latex/amsmath/amsmath.sty
For additional information on amsmath, use the `?' option.
(/usr/local/texlive/2023/texmf-dist/tex/latex/amsmath/amstext.sty
(/usr/local/texlive/2023/texmf-dist/tex/latex/amsmath/amsgen.sty))
(/usr/local/texlive/2023/texmf-dist/tex/latex/amsmath/amsbsy.sty)
(/usr/local/texlive/2023/texmf-dist/tex/latex/amsmath/amsopn.sty))
(/usr/local/texlive/2023/texmf-dist/tex/latex/amsfonts/amssymb.sty
(/usr/local/texlive/2023/texmf-dist/tex/latex/amsfonts/amsfonts.sty))
(/usr/local/texlive/2023/texmf-dist/tex/latex/amscls/amsthm.sty)
(/usr/local/texlive/2023/texmf-dist/tex/latex/hyperref/hyperref.sty
(/usr/local/texlive/2023/texmf-dist/tex/generic/ltxcmds/ltxcmds.sty)
(/usr/local/texlive/2023/texmf-dist/tex/generic/iftex/iftex.sty)
(/usr/local/texlive/2023/texmf-dist/tex/generic/pdftexcmds/pdftexcmds.sty
(/usr/local/texlive/2023/texmf-dist/tex/generic/infwarerr/infwarerr.sty))
(/usr/local/texlive/2023/texmf-dist/tex/latex/graphics/keyval.sty)
(/usr/local/texlive/2023/texmf-dist/tex/latex/kvsetkeys/kvsetkeys.sty)
(/usr/local/texlive/2023/texmf-dist/tex/generic/kvdefinekeys/kvdefinekeys.sty)
(/usr/local/texlive/2023/texmf-dist/tex/generic/pdfescape/pdfescape.sty)
(/usr/local/texlive/2023/texmf-dist/tex/latex/hycolor/hycolor.sty)
(/usr/local/texlive/2023/texmf-dist/tex/latex/letltxmacro/letltxmacro.sty)
(/usr/local/texlive/2023/texmf-dist/tex/latex/auxhook/auxhook.sty)
(/usr/local/texlive/2023/texmf-dist/tex/latex/hyperref/nameref.sty
(/usr/local/texlive/2023/texmf-dist/tex/latex/refcount/refcount.sty)
(/usr/local/texlive/2023/texmf-dist/tex/generic/gettitlestring/gettitlestring.s
ty (/usr/local/texlive/2023/texmf-dist/tex/latex/kvoptions/kvoptions.sty)))
(/usr/local/texlive/2023/texmf-dist/tex/latex/etoolbox/etoolbox.sty)
(/usr/local/texlive/2023/texmf-dist/tex/latex/hyperref/pd1enc.def)
(/usr/local/texlive/2023/texmf-dist/tex/generic/intcalc/intcalc.sty)
(/usr/local/texlive/2023/texmf-dist/tex/latex/hyperref/puenc.def)
(/usr/local/texlive/2023/texmf-dist/tex/latex/url/url.sty)
(/usr/local/texlive/2023/texmf-dist/tex/generic/bitset/bitset.sty
(/usr/local/texlive/2023/texmf-dist/tex/generic/bigintcalc/bigintcalc.sty))
(/usr/local/texlive/2023/texmf-dist/tex/latex/base/atbegshi-ltx.sty))
(/usr/local/texlive/2023/texmf-dist/tex/latex/hyperref/hpdftex.def
(/usr/local/texlive/2023/texmf-dist/tex/latex/base/atveryend-ltx.sty)
(/usr/local/texlive/2023/texmf-dist/tex/latex/rerunfilecheck/rerunfilecheck.sty

(/usr/local/texlive/2023/texmf-dist/tex/generic/uniquecounter/uniquecounter.sty
))) (/usr/local/texlive/2023/texmf-dist/tex/latex/ragged2e/ragged2e.sty)
(/usr/local/texlive/2023/texmf-dist/tex/latex/graphics/graphicx.sty
(/usr/local/texlive/2023/texmf-dist/tex/latex/graphics/graphics.sty
(/usr/local/texlive/2023/texmf-dist/tex/latex/graphics/trig.sty)
(/usr/local/texlive/2023/texmf-dist/tex/latex/graphics-cfg/graphics.cfg)
(/usr/local/texlive/2023/texmf-dist/tex/latex/graphics-def/pdftex.def)))
(/usr/local/texlive/2023/texmf-dist/tex/latex/float/float.sty)
(/usr/local/texlive/2023/texmf-dist/tex/latex/fancyhdr/fancyhdr.sty)
(/usr/local/texlive/2023/texmf-dist/tex/latex/geometry/geometry.sty
(/usr/local/texlive/2023/texmf-dist/tex/generic/iftex/ifvtex.sty))
(/usr/local/texlive/2023/texmf-dist/tex/latex/tools/multicol.sty)
(/usr/local/texlive/2023/texmf-dist/tex/latex/listings/listings.sty
(/usr/local/texlive/2023/texmf-dist/tex/latex/listings/lstmisc.sty)
(/usr/local/texlive/2023/texmf-dist/tex/latex/listings/listings.cfg))
(/usr/local/texlive/2023/texmf-dist/tex/latex/xcolor/xcolor.sty
(/usr/local/texlive/2023/texmf-dist/tex/latex/graphics-cfg/color.cfg)
(/usr/local/texlive/2023/texmf-dist/tex/latex/graphics/mathcolor.ltx))
(/usr/local/texlive/2023/texmf-dist/tex/latex/l3backend/l3backend-pdftex.def)
No file main.aux.
(/usr/local/texlive/2023/texmf-dist/tex/context/base/mkii/supp-pdf.mkii
[Loading MPS to PDF converter (version 2006.09.02).]
) (/usr/local/texlive/2023/texmf-dist/tex/latex/epstopdf-pkg/epstopdf-base.sty
(/usr/local/texlive/2023/texmf-dist/tex/latex/latexconfig/epstopdf-sys.cfg))
*geometry* driver: auto-detecting
*geometry* detected driver: pdftex
(/usr/local/texlive/2023/texmf-dist/tex/latex/amsfonts/umsa.fd)
(/usr/local/texlive/2023/texmf-dist/tex/latex/amsfonts/umsb.fd)

LaTeX Warning: Citation `w3' on page 1 undefined on input line 73.


LaTeX Warning: Citation `microsoft' on page 1 undefined on input line 75.


LaTeX Warning: Citation `w3schools' on page 1 undefined on input line 77.

[1{/usr/local/texlive/2023/texmf-var/fonts/map/pdftex/updmap/pdftex.map}{/usr/l
ocal/texlive/2023/texmf-dist/fonts/enc/dvips/cm-super/cm-super-ts1.enc}]
(/usr/local/texlive/2023/texmf-dist/tex/latex/base/ts1cmtt.fd)
Overfull \hbox (28.84364pt too wide) in paragraph at lines 100--101
[][][][][][][][][][][][][][][][][][][][][][][][][]  

Overfull \hbox (11.8337pt too wide) in paragraph at lines 107--108
[][][][][][][][][][][][][][][][][][][][][][][][][] 
[2]
Underfull \hbox (badness 10000) in paragraph at lines 201--202
[]$\OT1/cmtt/m/n/10 https : / / learn . microsoft . com / en-[]us / sql / xquer
y / xquery-[]language-[]reference-[]sql-[]server ?
[3] [4] (./main.aux)

LaTeX Warning: There were undefined references.


LaTeX Warning: Label(s) may have changed. Rerun to get cross-references right.


Package rerunfilecheck Warning: File `main.out' has changed.
(rerunfilecheck)                Rerun to get outlines right
(rerunfilecheck)                or use package `bookmark'.

 )
(see the transcript file for additional information)</usr/local/texlive/2023/te
xmf-dist/fonts/type1/public/amsfonts/cm/cmbx10.pfb></usr/local/texlive/2023/tex
mf-dist/fonts/type1/public/amsfonts/cm/cmbx12.pfb></usr/local/texlive/2023/texm
f-dist/fonts/type1/public/amsfonts/cm/cmbx9.pfb></usr/local/texlive/2023/texmf-
dist/fonts/type1/public/amsfonts/cm/cmbxti10.pfb></usr/local/texlive/2023/texmf
-dist/fonts/type1/public/amsfonts/cm/cmr10.pfb></usr/local/texlive/2023/texmf-d
ist/fonts/type1/public/amsfonts/cm/cmr12.pfb></usr/local/texlive/2023/texmf-dis
t/fonts/type1/public/amsfonts/cm/cmr17.pfb></usr/local/texlive/2023/texmf-dist/
fonts/type1/public/amsfonts/cm/cmr5.pfb></usr/local/texlive/2023/texmf-dist/fon
ts/type1/public/amsfonts/cm/cmr9.pfb></usr/local/texlive/2023/texmf-dist/fonts/
type1/public/amsfonts/cm/cmsl10.pfb></usr/local/texlive/2023/texmf-dist/fonts/t
ype1/public/amsfonts/cm/cmti10.pfb></usr/local/texlive/2023/texmf-dist/fonts/ty
pe1/public/amsfonts/cm/cmtt10.pfb></usr/local/texlive/2023/texmf-dist/fonts/typ
e1/public/amsfonts/cm/cmtt9.pfb></usr/local/texlive/2023/texmf-dist/fonts/type1
/public/cm-super/sfrm1000.pfb></usr/local/texlive/2023/texmf-dist/fonts/type1/p
ublic/cm-super/sftt0900.pfb>
Output written on main.pdf (4 pages, 184277 bytes).
Transcript written on main.log.

                ----------------------- END OUTPUT BUFFER -----------------------
15 Mar 2025 13:01:29.417 INFO  - Task result: SUCCESS
15 Mar 2025 13:01:29.419 INFO  - Total: 5.683 seconds
