18 May 2025 14:26:45.656 INFO  - 
Welcome to arara 7.1.2!
-----------------------------------------------------------------
18 May 2025 14:26:45.660 DEBUG - 
::: arara @ /usr/local/texlive/2023/texmf-dist/scripts/arara
::: Java 17.0.15, Arch Linux
::: /usr/lib/jvm/java-17-openjdk
::: Linux, amd64, 6.14.6-arch1-1
::: user.home @ /home/erick
::: CF @ [none]
-----------------------------------------------------------------
18 May 2025 14:26:45.670 INFO  - Processing "cv.tex" (size: 3.1 kB, last modified: 2025-05-18 20:25:07), please wait.
18 May 2025 14:26:45.682 INFO  - I found a potential pattern in line 1: pdflatex: { shell: yes }
18 May 2025 14:26:45.938 INFO  - All directives were validated. We are good to go.
-------------------------- DIRECTIVES ---------------------------
Directive(identifier='pdflatex', parameters={shell=yes, reference=/home/erick/noLimits/cv/cv.tex},conditional={ NONE }, lineNumbers=[1])
-----------------------------------------------------------------
18 May 2025 14:26:45.940 INFO  - I am ready to interpret rule "pdflatex".
18 May 2025 14:26:45.942 INFO  - Rule location: "/usr/local/texlive/2023/texmf-dist/scripts/arara/rules"
18 May 2025 14:26:46.071 INFO  - I am ready to interpret task "PDFLaTeX engine" from rule "PDFLaTeX".
18 May 2025 14:26:46.072 INFO  - System command: [pdflatex, --shell-escape, cv.tex] @ /home/erick/noLimits/cv
18 May 2025 14:26:46.615 INFO  -                 ---------------------- BEGIN OUTPUT BUFFER ----------------------
                This is pdfTeX, Version 3.141592653-2.6-1.40.25 (TeX Live 2023) (preloaded format=pdflatex)
 \write18 enabled.
entering extended mode
(./cv.tex
LaTeX2e <2023-11-01>
L3 programming layer <2023-11-09>
(/usr/local/texlive/2023/texmf-dist/tex/latex/base/article.cls
Document Class: article 2023/05/17 v1.4n Standard LaTeX document class
(/usr/local/texlive/2023/texmf-dist/tex/latex/base/size10.clo))
(/usr/local/texlive/2023/texmf-dist/tex/latex/geometry/geometry.sty
(/usr/local/texlive/2023/texmf-dist/tex/latex/graphics/keyval.sty)
(/usr/local/texlive/2023/texmf-dist/tex/generic/iftex/ifvtex.sty
(/usr/local/texlive/2023/texmf-dist/tex/generic/iftex/iftex.sty)))
(/usr/local/texlive/2023/texmf-dist/tex/latex/titlesec/titlesec.sty)
(/usr/local/texlive/2023/texmf-dist/tex/latex/hyperref/hyperref.sty
(/usr/local/texlive/2023/texmf-dist/tex/generic/ltxcmds/ltxcmds.sty)
(/usr/local/texlive/2023/texmf-dist/tex/generic/pdftexcmds/pdftexcmds.sty
(/usr/local/texlive/2023/texmf-dist/tex/generic/infwarerr/infwarerr.sty))
(/usr/local/texlive/2023/texmf-dist/tex/latex/kvsetkeys/kvsetkeys.sty)
(/usr/local/texlive/2023/texmf-dist/tex/generic/kvdefinekeys/kvdefinekeys.sty)
(/usr/local/texlive/2023/texmf-dist/tex/generic/pdfescape/pdfescape.sty)
(/usr/local/texlive/2023/texmf-dist/tex/latex/hycolor/hycolor.sty)
(/usr/local/texlive/2023/texmf-dist/tex/latex/letltxmacro/letltxmacro.sty)
(/usr/local/texlive/2023/texmf-dist/tex/latex/auxhook/auxhook.sty)
(/usr/local/texlive/2023/texmf-dist/tex/latex/hyperref/nameref.sty
(/usr/local/texlive/2023/texmf-dist/tex/latex/refcount/refcount.sty)
(/usr/local/texlive/2023/texmf-dist/tex/generic/gettitlestring/gettitlestring.s
ty (/usr/local/texlive/2023/texmf-dist/tex/latex/kvoptions/kvoptions.sty)))
(/usr/local/texlive/2023/texmf-dist/tex/latex/etoolbox/etoolbox.sty)
(/usr/local/texlive/2023/texmf-dist/tex/latex/hyperref/pd1enc.def)
(/usr/local/texlive/2023/texmf-dist/tex/generic/intcalc/intcalc.sty)
(/usr/local/texlive/2023/texmf-dist/tex/latex/hyperref/puenc.def)
(/usr/local/texlive/2023/texmf-dist/tex/latex/url/url.sty)
(/usr/local/texlive/2023/texmf-dist/tex/generic/bitset/bitset.sty
(/usr/local/texlive/2023/texmf-dist/tex/generic/bigintcalc/bigintcalc.sty))
(/usr/local/texlive/2023/texmf-dist/tex/latex/base/atbegshi-ltx.sty))
(/usr/local/texlive/2023/texmf-dist/tex/latex/hyperref/hpdftex.def
(/usr/local/texlive/2023/texmf-dist/tex/latex/base/atveryend-ltx.sty)
(/usr/local/texlive/2023/texmf-dist/tex/latex/rerunfilecheck/rerunfilecheck.sty

(/usr/local/texlive/2023/texmf-dist/tex/generic/uniquecounter/uniquecounter.sty
))) (/usr/local/texlive/2023/texmf-dist/tex/latex/enumitem/enumitem.sty)
(/usr/local/texlive/2023/texmf-dist/tex/latex/graphics/graphicx.sty
(/usr/local/texlive/2023/texmf-dist/tex/latex/graphics/graphics.sty
(/usr/local/texlive/2023/texmf-dist/tex/latex/graphics/trig.sty)
(/usr/local/texlive/2023/texmf-dist/tex/latex/graphics-cfg/graphics.cfg)
(/usr/local/texlive/2023/texmf-dist/tex/latex/graphics-def/pdftex.def)))
(/usr/local/texlive/2023/texmf-dist/tex/latex/xcolor/xcolor.sty
(/usr/local/texlive/2023/texmf-dist/tex/latex/graphics-cfg/color.cfg)
(/usr/local/texlive/2023/texmf-dist/tex/latex/graphics/mathcolor.ltx))
(/usr/local/texlive/2023/texmf-dist/tex/latex/l3backend/l3backend-pdftex.def)
(./cv.aux)
*geometry* driver: auto-detecting
*geometry* detected driver: pdftex
(./cv.out) (./cv.out)
(/usr/local/texlive/2023/texmf-dist/tex/context/base/mkii/supp-pdf.mkii
[Loading MPS to PDF converter (version 2006.09.02).]
) (/usr/local/texlive/2023/texmf-dist/tex/latex/epstopdf-pkg/epstopdf-base.sty
(/usr/local/texlive/2023/texmf-dist/tex/latex/latexconfig/epstopdf-sys.cfg))
[1{/usr/local/texlive/2023/texmf-var/fonts/map/pdftex/updmap/pdftex.map}{/usr/l
ocal/texlive/2023/texmf-dist/fonts/enc/dvips/cm-super/cm-super-ts1.enc}]
(./cv.aux) )</usr/local/texlive/2023/texmf-dist/fonts/type1/public/amsfonts/cm/
cmbx10.pfb></usr/local/texlive/2023/texmf-dist/fonts/type1/public/amsfonts/cm/c
mbx12.pfb></usr/local/texlive/2023/texmf-dist/fonts/type1/public/amsfonts/cm/cm
r10.pfb></usr/local/texlive/2023/texmf-dist/fonts/type1/public/amsfonts/cm/cmsy
10.pfb></usr/local/texlive/2023/texmf-dist/fonts/type1/public/amsfonts/cm/cmti1
0.pfb></usr/local/texlive/2023/texmf-dist/fonts/type1/public/cm-super/sfrm1000.
pfb>
Output written on cv.pdf (1 page, 86119 bytes).
Transcript written on cv.log.

                ----------------------- END OUTPUT BUFFER -----------------------
18 May 2025 14:26:46.617 INFO  - Task result: SUCCESS
18 May 2025 14:26:46.618 INFO  - Total: 1.132 seconds
